<?xml version="1.0" encoding="UTF-8"?>
<!-- Generated by org.testng.reporters.JUnitXMLReporter -->
<testsuite ignored="0" hostname="nb-sra" failures="0" tests="4" name="Default test" time="168.067" errors="0" timestamp="2023-02-07T16:32:20 PKT">
  <testcase classname="rahulshettyacademy.Tests.StandAloneTest" name="submitOrder" time="15.214"/>
  <testcase classname="rahulshettyacademy.Tests.StandAloneTest" name="submitOrder" time="14.791"/>
  <testcase classname="rahulshettyacademy.Tests.StandAloneTest" name="submitOrder" time="14.773"/>
  <testcase classname="rahulshettyacademy.Tests.StandAloneTest" name="OrderHistoryTest" time="0.935"/>
</testsuite> <!-- Default test -->
