<?xml version="1.0" encoding="UTF-8"?>
<!-- Generated by org.testng.reporters.JUnitXMLReporter -->
<testsuite ignored="0" hostname="nb-sra" failures="0" tests="2" name="Error Validations Test" time="22.754" errors="0" timestamp="2023-02-08T16:34:48 PKT">
  <testcase classname="rahulshettyacademy.Tests.ErrorValidationsTest" name="LoginErrorValidation" time="0.432"/>
  <testcase classname="rahulshettyacademy.Tests.ErrorValidationsTest" name="ProductErrorValidation" time="14.041"/>
</testsuite> <!-- Error Validations Test -->
