<?xml version="1.0" encoding="UTF-8"?>
<!-- Generated by org.testng.reporters.JUnitXMLReporter -->
<testsuite ignored="0" hostname="nb-sra" failures="0" tests="4" name="Test" time="96.019" errors="0" timestamp="2023-02-08T16:36:24 PKT">
  <testcase classname="rahulshettyacademy.Tests.StandAloneTest" name="submitOrder" time="14.805"/>
  <testcase classname="rahulshettyacademy.Tests.StandAloneTest" name="submitOrder" time="14.793"/>
  <testcase classname="rahulshettyacademy.Tests.StandAloneTest" name="submitOrder" time="14.73"/>
  <testcase classname="rahulshettyacademy.Tests.StandAloneTest" name="OrderHistoryTest" time="0.551"/>
</testsuite> <!-- Test -->
