<?xml version="1.0" encoding="UTF-8"?>
<testng-results ignored="0" total="6" passed="6" failed="0" skipped="0">
  <reporter-output>
  </reporter-output>
  <suite started-at="2023-02-08T16:34:24 PKT" name="Suite" finished-at="2023-02-08T16:36:24 PKT" duration-ms="119281">
    <groups>
      <group name="Purchase">
        <method signature="StandAloneTest.submitOrder(java.util.HashMap)[pri:0, instance:rahulshettyacademy.Tests.StandAloneTest@2b76ff4e]" name="submitOrder" class="rahulshettyacademy.Tests.StandAloneTest"/>
      </group> <!-- Purchase -->
    </groups>
    <test started-at="2023-02-08T16:34:24 PKT" name="Test Base Test" finished-at="2023-02-08T16:34:24 PKT" duration-ms="10">
    </test> <!-- Test Base Test -->
    <test started-at="2023-02-08T16:34:25 PKT" name="Error Validations Test" finished-at="2023-02-08T16:34:48 PKT" duration-ms="22754">
      <class name="rahulshettyacademy.Tests.ErrorValidationsTest">
        <test-method is-config="true" signature="launchApplication()[pri:0, instance:rahulshettyacademy.Tests.ErrorValidationsTest@c94fd30]" started-at="2023-02-08T16:34:25 PKT" name="launchApplication" finished-at="2023-02-08T16:34:29 PKT" duration-ms="4399" status="PASS">
          <reporter-output>
          </reporter-output>
        </test-method> <!-- launchApplication -->
        <test-method signature="LoginErrorValidation()[pri:0, instance:rahulshettyacademy.Tests.ErrorValidationsTest@c94fd30]" started-at="2023-02-08T16:34:29 PKT" name="LoginErrorValidation" finished-at="2023-02-08T16:34:30 PKT" duration-ms="432" status="PASS">
          <reporter-output>
          </reporter-output>
        </test-method> <!-- LoginErrorValidation -->
        <test-method is-config="true" signature="tearDown()[pri:0, instance:rahulshettyacademy.Tests.ErrorValidationsTest@c94fd30]" started-at="2023-02-08T16:34:30 PKT" name="tearDown" finished-at="2023-02-08T16:34:30 PKT" duration-ms="279" status="PASS">
          <reporter-output>
          </reporter-output>
        </test-method> <!-- tearDown -->
        <test-method is-config="true" signature="launchApplication()[pri:0, instance:rahulshettyacademy.Tests.ErrorValidationsTest@c94fd30]" started-at="2023-02-08T16:34:30 PKT" name="launchApplication" finished-at="2023-02-08T16:34:33 PKT" duration-ms="3467" status="PASS">
          <reporter-output>
          </reporter-output>
        </test-method> <!-- launchApplication -->
        <test-method signature="ProductErrorValidation()[pri:0, instance:rahulshettyacademy.Tests.ErrorValidationsTest@c94fd30]" started-at="2023-02-08T16:34:33 PKT" name="ProductErrorValidation" finished-at="2023-02-08T16:34:47 PKT" duration-ms="14041" status="PASS">
          <reporter-output>
          </reporter-output>
        </test-method> <!-- ProductErrorValidation -->
        <test-method is-config="true" signature="tearDown()[pri:0, instance:rahulshettyacademy.Tests.ErrorValidationsTest@c94fd30]" started-at="2023-02-08T16:34:47 PKT" name="tearDown" finished-at="2023-02-08T16:34:48 PKT" duration-ms="82" status="PASS">
          <reporter-output>
          </reporter-output>
        </test-method> <!-- tearDown -->
      </class> <!-- rahulshettyacademy.Tests.ErrorValidationsTest -->
    </test> <!-- Error Validations Test -->
    <test started-at="2023-02-08T16:34:48 PKT" name="Test" finished-at="2023-02-08T16:36:24 PKT" duration-ms="96019">
      <class name="rahulshettyacademy.Tests.StandAloneTest">
        <test-method is-config="true" signature="launchApplication()[pri:0, instance:rahulshettyacademy.Tests.StandAloneTest@2b76ff4e]" started-at="2023-02-08T16:34:48 PKT" name="launchApplication" finished-at="2023-02-08T16:34:52 PKT" duration-ms="3575" status="PASS">
          <reporter-output>
          </reporter-output>
        </test-method> <!-- launchApplication -->
        <test-method signature="submitOrder(java.util.HashMap)[pri:0, instance:rahulshettyacademy.Tests.StandAloneTest@2b76ff4e]" started-at="2023-02-08T16:34:52 PKT" name="submitOrder" data-provider="getData" finished-at="2023-02-08T16:35:06 PKT" duration-ms="14805" status="PASS">
          <params>
            <param index="0">
              <value>
                <![CDATA[{password=S@fdar123, email=raosafdarraza@gmail.com, productName=ZARA COAT 3}]]>
              </value>
            </param>
          </params>
          <reporter-output>
          </reporter-output>
        </test-method> <!-- submitOrder -->
        <test-method is-config="true" signature="tearDown()[pri:0, instance:rahulshettyacademy.Tests.StandAloneTest@2b76ff4e]" started-at="2023-02-08T16:35:06 PKT" name="tearDown" finished-at="2023-02-08T16:35:07 PKT" duration-ms="121" status="PASS">
          <reporter-output>
          </reporter-output>
        </test-method> <!-- tearDown -->
        <test-method is-config="true" signature="launchApplication()[pri:0, instance:rahulshettyacademy.Tests.StandAloneTest@2b76ff4e]" started-at="2023-02-08T16:35:07 PKT" name="launchApplication" finished-at="2023-02-08T16:35:10 PKT" duration-ms="3687" status="PASS">
          <reporter-output>
          </reporter-output>
        </test-method> <!-- launchApplication -->
        <test-method signature="submitOrder(java.util.HashMap)[pri:0, instance:rahulshettyacademy.Tests.StandAloneTest@2b76ff4e]" started-at="2023-02-08T16:35:10 PKT" name="submitOrder" data-provider="getData" finished-at="2023-02-08T16:35:25 PKT" duration-ms="14793" status="PASS">
          <params>
            <param index="0">
              <value>
                <![CDATA[{password=Iamking@000, email=shetty@gmail.com, productName=ADIDAS ORIGINAL}]]>
              </value>
            </param>
          </params>
          <reporter-output>
          </reporter-output>
        </test-method> <!-- submitOrder -->
        <test-method is-config="true" signature="tearDown()[pri:0, instance:rahulshettyacademy.Tests.StandAloneTest@2b76ff4e]" started-at="2023-02-08T16:35:25 PKT" name="tearDown" finished-at="2023-02-08T16:35:41 PKT" duration-ms="16278" status="PASS">
          <reporter-output>
          </reporter-output>
        </test-method> <!-- tearDown -->
        <test-method is-config="true" signature="launchApplication()[pri:0, instance:rahulshettyacademy.Tests.StandAloneTest@2b76ff4e]" started-at="2023-02-08T16:35:41 PKT" name="launchApplication" finished-at="2023-02-08T16:35:48 PKT" duration-ms="6310" status="PASS">
          <reporter-output>
          </reporter-output>
        </test-method> <!-- launchApplication -->
        <test-method signature="submitOrder(java.util.HashMap)[pri:0, instance:rahulshettyacademy.Tests.StandAloneTest@2b76ff4e]" started-at="2023-02-08T16:35:48 PKT" name="submitOrder" data-provider="getData" finished-at="2023-02-08T16:36:02 PKT" duration-ms="14730" status="PASS">
          <params>
            <param index="0">
              <value>
                <![CDATA[{password=S@fdar123, email=raosafdarraza@gmail.com, productName=IPHONE 13 PRO}]]>
              </value>
            </param>
          </params>
          <reporter-output>
          </reporter-output>
        </test-method> <!-- submitOrder -->
        <test-method is-config="true" signature="tearDown()[pri:0, instance:rahulshettyacademy.Tests.StandAloneTest@2b76ff4e]" started-at="2023-02-08T16:36:02 PKT" name="tearDown" finished-at="2023-02-08T16:36:19 PKT" duration-ms="16293" status="PASS">
          <reporter-output>
          </reporter-output>
        </test-method> <!-- tearDown -->
        <test-method is-config="true" signature="launchApplication()[pri:0, instance:rahulshettyacademy.Tests.StandAloneTest@2b76ff4e]" started-at="2023-02-08T16:36:19 PKT" name="launchApplication" finished-at="2023-02-08T16:36:23 PKT" duration-ms="4293" status="PASS">
          <reporter-output>
          </reporter-output>
        </test-method> <!-- launchApplication -->
        <test-method signature="OrderHistoryTest()[pri:0, instance:rahulshettyacademy.Tests.StandAloneTest@2b76ff4e]" started-at="2023-02-08T16:36:23 PKT" name="OrderHistoryTest" finished-at="2023-02-08T16:36:23 PKT" depends-on-methods="rahulshettyacademy.Tests.StandAloneTest.submitOrder" duration-ms="551" status="PASS">
          <reporter-output>
          </reporter-output>
        </test-method> <!-- OrderHistoryTest -->
        <test-method is-config="true" signature="tearDown()[pri:0, instance:rahulshettyacademy.Tests.StandAloneTest@2b76ff4e]" started-at="2023-02-08T16:36:23 PKT" name="tearDown" finished-at="2023-02-08T16:36:24 PKT" duration-ms="234" status="PASS">
          <reporter-output>
          </reporter-output>
        </test-method> <!-- tearDown -->
      </class> <!-- rahulshettyacademy.Tests.StandAloneTest -->
    </test> <!-- Test -->
  </suite> <!-- Suite -->
</testng-results>
